[2020-01-17 23:02:48.444] [jointLog] [info] Fragment incompatibility prior below threshold.  Incompatible fragments will be ignored.
[2020-01-17 23:02:48.447] [jointLog] [info] numQuantThreads = 4
[2020-01-17 23:02:50.641] [fileLog] [info] quantification processed 0 fragments so far

[2020-01-17 23:02:50.655] [fileLog] [info] quantification processed 16507 fragments so far

[2020-01-17 23:02:50.265] [jointLog] [info] replaced 111,201 non-ACGT nucleotides with random nucleotides
[2020-01-17 23:02:50.721] [jointLog] [info] 


Completed first pass through the alignment file.
Total # of mapped reads : 16507
# of uniquely mapped reads : 16426
# ambiguously mapped reads : 81



[2020-01-17 23:02:50.765] [jointLog] [info] Computed 999 rich equivalence classes for further processing
[2020-01-17 23:02:50.765] [jointLog] [info] Counted 16,507 total reads in the equivalence classes 
[2020-01-17 23:02:50.766] [jointLog] [warning] Only 16507 fragments were mapped, but the number of burn-in fragments was set to 5000000.
The effective lengths have been computed using the observed mappings.

[2020-01-17 23:02:50.770] [jointLog] [info] starting optimizer
[2020-01-17 23:02:50.772] [jointLog] [info] Marked 0 weighted equivalence classes as degenerate
[2020-01-17 23:02:50.772] [jointLog] [info] iteration = 0 | max rel diff. = 14.0978
[2020-01-17 23:02:50.832] [jointLog] [info] iteration = 100 | max rel diff. = 0
[2020-01-17 23:02:50.832] [jointLog] [info] finished optimizer
[2020-01-17 23:02:50.832] [jointLog] [info] writing output
